<?xml version="1.0" encoding="UTF-8"?>
<testng-results ignored="0" total="5" passed="4" failed="1" skipped="0">
  <reporter-output>
  </reporter-output>
  <suite started-at="2023-03-07T23:39:17 IST" name="Default suite" finished-at="2023-03-07T23:39:53 IST" duration-ms="35754">
    <groups>
    </groups>
    <test started-at="2023-03-07T23:39:17 IST" name="Default test" finished-at="2023-03-07T23:39:53 IST" duration-ms="35754">
      <class name="com.toutorial.test.LoginTest">
        <test-method signature="verifyLoginWithValidCredentials(java.lang.String,java.lang.String)[pri:1, instance:com.toutorial.test.LoginTest@7d8995e]" started-at="2023-03-07T23:39:18 IST" name="verifyLoginWithValidCredentials" data-provider="validCredentialSupplier" finished-at="2023-03-07T23:39:18 IST" duration-ms="0" status="FAIL">
          <exception class="java.lang.RuntimeException">
            <message>
              <![CDATA[java.lang.NullPointerException: Cannot invoke "org.apache.poi.xssf.usermodel.XSSFRow.getCell(int)" because "row" is null]]>
            </message>
            <full-stacktrace>
              <![CDATA[java.lang.RuntimeException: java.lang.NullPointerException: Cannot invoke "org.apache.poi.xssf.usermodel.XSSFRow.getCell(int)" because "row" is null
at org.testng.internal.invokers.MethodInvocationHelper.invokeMethodNoCheckedException(MethodInvocationHelper.java:57)
at org.testng.internal.invokers.MethodInvocationHelper.invokeDataProvider(MethodInvocationHelper.java:157)
at org.testng.internal.Parameters.handleParameters(Parameters.java:803)
at org.testng.internal.Parameters.handleParameters(Parameters.java:728)
at org.testng.internal.invokers.ParameterHandler.handleParameters(ParameterHandler.java:72)
at org.testng.internal.invokers.ParameterHandler.createParameters(ParameterHandler.java:51)
at org.testng.internal.invokers.TestInvoker$MethodInvocationAgent.invoke(TestInvoker.java:924)
at org.testng.internal.invokers.TestInvoker.invokeTestMethods(TestInvoker.java:194)
at org.testng.internal.invokers.TestMethodWorker.invokeTestMethods(TestMethodWorker.java:148)
at org.testng.internal.invokers.TestMethodWorker.run(TestMethodWorker.java:128)
at java.base/java.util.ArrayList.forEach(ArrayList.java:1511)
at org.testng.TestRunner.privateRun(TestRunner.java:829)
at org.testng.TestRunner.run(TestRunner.java:602)
at org.testng.SuiteRunner.runTest(SuiteRunner.java:437)
at org.testng.SuiteRunner.runSequentially(SuiteRunner.java:431)
at org.testng.SuiteRunner.privateRun(SuiteRunner.java:391)
at org.testng.SuiteRunner.run(SuiteRunner.java:330)
at org.testng.SuiteRunnerWorker.runSuite(SuiteRunnerWorker.java:52)
at org.testng.SuiteRunnerWorker.run(SuiteRunnerWorker.java:95)
at org.testng.TestNG.runSuitesSequentially(TestNG.java:1256)
at org.testng.TestNG.runSuitesLocally(TestNG.java:1176)
at org.testng.TestNG.runSuites(TestNG.java:1099)
at org.testng.TestNG.run(TestNG.java:1067)
at org.testng.remote.AbstractRemoteTestNG.run(AbstractRemoteTestNG.java:115)
at org.testng.remote.RemoteTestNG.initAndRun(RemoteTestNG.java:251)
at org.testng.remote.RemoteTestNG.main(RemoteTestNG.java:77)
Caused by: java.lang.NullPointerException: Cannot invoke "org.apache.poi.xssf.usermodel.XSSFRow.getCell(int)" because "row" is null
at com.LearnProja.utils.utilities.getDataFromExcel(utilities.java:52)
at com.toutorial.test.LoginTest.supplyTestData(LoginTest.java:71)
at java.base/jdk.internal.reflect.NativeMethodAccessorImpl.invoke0(Native Method)
at java.base/jdk.internal.reflect.NativeMethodAccessorImpl.invoke(NativeMethodAccessorImpl.java:77)
at java.base/jdk.internal.reflect.DelegatingMethodAccessorImpl.invoke(DelegatingMethodAccessorImpl.java:43)
at java.base/java.lang.reflect.Method.invoke(Method.java:568)
at org.testng.internal.invokers.MethodInvocationHelper.invokeMethod(MethodInvocationHelper.java:139)
at org.testng.internal.invokers.MethodInvocationHelper.invokeMethod(MethodInvocationHelper.java:84)
at org.testng.internal.invokers.MethodInvocationHelper.invokeMethodNoCheckedException(MethodInvocationHelper.java:53)
... 25 more
]]>
            </full-stacktrace>
          </exception> <!-- java.lang.RuntimeException -->
          <reporter-output>
          </reporter-output>
        </test-method> <!-- verifyLoginWithValidCredentials -->
        <test-method is-config="true" signature="setUp()[pri:0, instance:com.toutorial.test.LoginTest@7d8995e]" started-at="2023-03-07T23:39:18 IST" name="setUp" finished-at="2023-03-07T23:39:27 IST" duration-ms="8969" status="PASS">
          <reporter-output>
          </reporter-output>
        </test-method> <!-- setUp -->
        <test-method signature="LoginWithInvallidCredentials()[pri:2, instance:com.toutorial.test.LoginTest@7d8995e]" started-at="2023-03-07T23:39:27 IST" name="LoginWithInvallidCredentials" finished-at="2023-03-07T23:39:28 IST" duration-ms="1119" status="PASS">
          <reporter-output>
          </reporter-output>
        </test-method> <!-- LoginWithInvallidCredentials -->
        <test-method is-config="true" signature="teadDown()[pri:0, instance:com.toutorial.test.LoginTest@7d8995e]" started-at="2023-03-07T23:39:28 IST" name="teadDown" finished-at="2023-03-07T23:39:29 IST" duration-ms="1545" status="PASS">
          <reporter-output>
          </reporter-output>
        </test-method> <!-- teadDown -->
        <test-method is-config="true" signature="setUp()[pri:0, instance:com.toutorial.test.LoginTest@7d8995e]" started-at="2023-03-07T23:39:29 IST" name="setUp" finished-at="2023-03-07T23:39:36 IST" duration-ms="6574" status="PASS">
          <reporter-output>
          </reporter-output>
        </test-method> <!-- setUp -->
        <test-method signature="VerifyLoginWithInvaildEmailAndValidPassword()[pri:3, instance:com.toutorial.test.LoginTest@7d8995e]" started-at="2023-03-07T23:39:36 IST" name="VerifyLoginWithInvaildEmailAndValidPassword" finished-at="2023-03-07T23:39:37 IST" duration-ms="904" status="PASS">
          <reporter-output>
          </reporter-output>
        </test-method> <!-- VerifyLoginWithInvaildEmailAndValidPassword -->
        <test-method is-config="true" signature="teadDown()[pri:0, instance:com.toutorial.test.LoginTest@7d8995e]" started-at="2023-03-07T23:39:37 IST" name="teadDown" finished-at="2023-03-07T23:39:38 IST" duration-ms="865" status="PASS">
          <reporter-output>
          </reporter-output>
        </test-method> <!-- teadDown -->
        <test-method is-config="true" signature="setUp()[pri:0, instance:com.toutorial.test.LoginTest@7d8995e]" started-at="2023-03-07T23:39:38 IST" name="setUp" finished-at="2023-03-07T23:39:43 IST" duration-ms="5248" status="PASS">
          <reporter-output>
          </reporter-output>
        </test-method> <!-- setUp -->
        <test-method signature="VerifyLoginWithValidEmailAndInvalidPassword()[pri:4, instance:com.toutorial.test.LoginTest@7d8995e]" started-at="2023-03-07T23:39:43 IST" name="VerifyLoginWithValidEmailAndInvalidPassword" finished-at="2023-03-07T23:39:44 IST" duration-ms="821" status="PASS">
          <reporter-output>
          </reporter-output>
        </test-method> <!-- VerifyLoginWithValidEmailAndInvalidPassword -->
        <test-method is-config="true" signature="teadDown()[pri:0, instance:com.toutorial.test.LoginTest@7d8995e]" started-at="2023-03-07T23:39:44 IST" name="teadDown" finished-at="2023-03-07T23:39:45 IST" duration-ms="1265" status="PASS">
          <reporter-output>
          </reporter-output>
        </test-method> <!-- teadDown -->
        <test-method is-config="true" signature="setUp()[pri:0, instance:com.toutorial.test.LoginTest@7d8995e]" started-at="2023-03-07T23:39:45 IST" name="setUp" finished-at="2023-03-07T23:39:51 IST" duration-ms="5956" status="PASS">
          <reporter-output>
          </reporter-output>
        </test-method> <!-- setUp -->
        <test-method signature="verifyLoginWithoutProvidingCredentials()[pri:5, instance:com.toutorial.test.LoginTest@7d8995e]" started-at="2023-03-07T23:39:51 IST" name="verifyLoginWithoutProvidingCredentials" finished-at="2023-03-07T23:39:52 IST" duration-ms="843" status="PASS">
          <reporter-output>
          </reporter-output>
        </test-method> <!-- verifyLoginWithoutProvidingCredentials -->
        <test-method is-config="true" signature="teadDown()[pri:0, instance:com.toutorial.test.LoginTest@7d8995e]" started-at="2023-03-07T23:39:52 IST" name="teadDown" finished-at="2023-03-07T23:39:53 IST" duration-ms="954" status="PASS">
          <reporter-output>
          </reporter-output>
        </test-method> <!-- teadDown -->
      </class> <!-- com.toutorial.test.LoginTest -->
    </test> <!-- Default test -->
  </suite> <!-- Default suite -->
</testng-results>
